2022-07-22 18:57:54,817 :INFO : test_formSubmission :first name is Rahul
2022-07-22 18:58:08,491 :INFO : test_e2e :getting all the card titles
2022-07-22 18:58:08,543 :INFO : test_e2e :iphone X
2022-07-22 18:58:08,571 :INFO : test_e2e :Samsung Note 8
2022-07-22 18:58:08,588 :INFO : test_e2e :Nokia Edge
2022-07-22 18:58:08,619 :INFO : test_e2e :Blackberry
2022-07-22 18:58:09,039 :INFO : test_e2e :Entering country name as ind
2022-07-22 18:58:14,848 :INFO : test_e2e :Text received from application is ×
Success! Thank you! Your order will be delivered in next few weeks :-).
2022-07-22 19:30:12,468 :INFO : test_formSubmission :first name is Rahul
2022-07-22 19:30:22,324 :INFO : test_e2e :getting all the card titles
2022-07-22 19:30:22,442 :INFO : test_e2e :iphone X
2022-07-22 19:30:22,489 :INFO : test_e2e :Samsung Note 8
2022-07-22 19:30:22,505 :INFO : test_e2e :Nokia Edge
2022-07-22 19:30:22,538 :INFO : test_e2e :Blackberry
2022-07-22 19:30:23,420 :INFO : test_e2e :Entering country name as ind
2022-07-22 19:30:31,396 :INFO : test_e2e :Text received from application is ×
Success! Thank you! Your order will be delivered in next few weeks :-).
2022-07-22 19:43:19,353 :INFO : test_formSubmission :first name is Rahul
2022-07-22 19:43:41,775 :INFO : test_e2e :getting all the card titles
2022-07-22 19:43:41,925 :INFO : test_e2e :iphone X
2022-07-22 19:43:41,957 :INFO : test_e2e :Samsung Note 8
2022-07-22 19:43:41,982 :INFO : test_e2e :Nokia Edge
2022-07-22 19:43:42,044 :INFO : test_e2e :Blackberry
2022-07-22 19:43:43,098 :INFO : test_e2e :Entering country name as ind
2022-07-22 19:43:51,166 :INFO : test_e2e :Text received from application is ×
Success! Thank you! Your order will be delivered in next few weeks :-).
